<?xml version="1.0" encoding="UTF-8"?>
<!-- Generated by org.testng.reporters.JUnitReportReporter -->
<testsuite hostname="ameur-Lenovo-G510" failures="0" tests="1" name="org.saucedemo.TestPurchase" time="3.060" errors="0" timestamp="14 janv. 2023 14:53:58 GMT" skipped="0">
  <testcase classname="org.saucedemo.TestPurchase" name="addItemToCard" time="3.060"/>
</testsuite> <!-- org.saucedemo.TestPurchase -->
