<?xml version="1.0" encoding="UTF-8"?>
<!-- Generated by org.testng.reporters.JUnitReportReporter -->
<testsuite hostname="ameur-Lenovo-G510" failures="0" tests="1" name="org.saucedemo.TestInitialPage" time="19.298" errors="0" timestamp="14 janv. 2023 14:53:58 GMT" skipped="0">
  <testcase classname="org.saucedemo.TestInitialPage" name="validateLoginPageElements" time="19.298"/>
</testsuite> <!-- org.saucedemo.TestInitialPage -->
