<?xml version="1.0" encoding="UTF-8"?>
<!-- Generated by org.testng.reporters.JUnitReportReporter -->
<testsuite hostname="ameur-Lenovo-G510" failures="0" tests="2" name="org.saucedemo.TestLogin" time="6.804" errors="0" timestamp="14 janv. 2023 14:53:58 GMT" skipped="0">
  <testcase classname="org.saucedemo.TestLogin" name="loginAttemptWithoutPassword" time="3.067"/>
  <testcase classname="org.saucedemo.TestLogin" name="loginAttemptWithoutUsername" time="3.737"/>
</testsuite> <!-- org.saucedemo.TestLogin -->
