<?xml version="1.0" encoding="UTF-8"?>
<!-- Generated by org.testng.reporters.JUnitReportReporter -->
<testsuite hostname="ameur-Lenovo-G510" failures="0" tests="1" name="org.saucedemo.TestFilter" time="5.319" errors="0" timestamp="14 janv. 2023 14:53:58 GMT" skipped="0">
  <testcase classname="org.saucedemo.TestFilter" name="filterFromLowToHigh" time="5.319"/>
</testsuite> <!-- org.saucedemo.TestFilter -->
